<?xml version="1.0" encoding="UTF-8"?>
<!-- Generated by org.testng.reporters.JUnitXMLReporter -->
<testsuite ignored="0" hostname="LAPTOP-BEMF2J58" failures="0" tests="2" name="CustomerDashboardTest" time="10.489" errors="0" timestamp="2024-10-19T16:03:06 MESZ">
  <testcase classname="test_scenarios.TestMethods" name="VerifyAppointmentDataOnCustomerDashboard" time="1.163"/>
  <testcase classname="test_scenarios.TestMethods" name="VerifyRescheduledAppointmentDataOnCustomerDashboard" time="4.777"/>
</testsuite> <!-- CustomerDashboardTest -->
